SH SERIES C/C++ Compiler (Ver. 6.0C)                                                                 30-Jun-2017 12:39:56  PAGE    1

************ OBJECT LISTING ************

FILE NAME: C:\Users\elie\Desktop\planet-casio\libcaddin\libcaddi.c

SCT OFFSET   CODE       C LABEL     INSTRUCTION OPERAND    COMMENT

      libcaddi.c     1    /*****************************************************************/
      libcaddi.c     2    /*                                                               */
      libcaddi.c     3    /*   CASIO fx-9860G SDK Library                                  */
      libcaddi.c     4    /*                                                               */
      libcaddi.c     5    /*   File name : [ProjectName].c                                 */
      libcaddi.c     6    /*                                                               */
      libcaddi.c     7    /*   Copyright (c) 2006 CASIO COMPUTER CO., LTD.                 */
      libcaddi.c     8    /*                                                               */
      libcaddi.c     9    /*****************************************************************/
      libcaddi.c    10    #include "fxlib.h"
      libcaddi.c    11    
      libcaddi.c    12    
      libcaddi.c    13    //****************************************************************************
      libcaddi.c    14    //  AddIn_main (Sample program main function)
      libcaddi.c    15    //
      libcaddi.c    16    //  param   :   isAppli   : 1 = This application is launched by MAIN MENU.
      libcaddi.c    17    //                        : 0 = This application is launched by a strip in eACT application.
      libcaddi.c    18    //
      libcaddi.c    19    //              OptionNum : Strip number (0~3)
      libcaddi.c    20    //                         (This parameter is only used when isAppli parameter is 0.)
      libcaddi.c    21    //
      libcaddi.c    22    //  retval  :   1 = No error / 0 = Error
      libcaddi.c    23    //
      libcaddi.c    24    //****************************************************************************
      libcaddi.c    25    int AddIn_main(int isAppli, unsigned short OptionNum)
P   00000000              _AddIn_main:                     ; function: AddIn_main
                                                           ; frame size=4
      libcaddi.c    26    {
      libcaddi.c    27        unsigned int key;
      libcaddi.c    28    
      libcaddi.c    29        Bdisp_AllClr_DDVRAM();
    00000000 D30C                   MOV.L       L316+2,R3  ; _Bdisp_AllClr_DDVRAM
    00000002 7FFC                   ADD         #-4,R15
    00000004 430B                   JSR         @R3
    00000006 0009                   NOP
      libcaddi.c    30    
      libcaddi.c    31        locate(1,4);
    00000008 D20B                   MOV.L       L316+6,R2  ; _locate
    0000000A E504                   MOV         #4,R5
    0000000C 420B                   JSR         @R2
    0000000E E401                   MOV         #1,R4
      libcaddi.c    32        Print((unsigned char*)"This application is");
    00000010 D40A                   MOV.L       L316+10,R4 ; L302
    00000012 D30B                   MOV.L       L316+14,R3 ; _Print
    00000014 430B                   JSR         @R3
    00000016 0009                   NOP
      libcaddi.c    33        locate(1,5);
    00000018 D207                   MOV.L       L316+6,R2  ; _locate
    0000001A E505                   MOV         #5,R5
    0000001C 420B                   JSR         @R2
    0000001E E401                   MOV         #1,R4
      libcaddi.c    34        Print((unsigned char*)" sample Add-In.");
    00000020 D408                   MOV.L       L316+18,R4 ; L303
    00000022 D307                   MOV.L       L316+14,R3 ; _Print




SH SERIES C/C++ Compiler (Ver. 6.0C)                                                                 30-Jun-2017 12:39:56  PAGE    2


SCT OFFSET   CODE       C LABEL     INSTRUCTION OPERAND    COMMENT

    00000024 430B                   JSR         @R3
    00000026 0009                   NOP
    00000028 DE07                   MOV.L       L316+22,R14; _GetKey
      libcaddi.c    35    
      libcaddi.c    36        while(1){
    0000002A              L313:                             
      libcaddi.c    37            GetKey(&key);
    0000002A 4E0B                   JSR         @R14
    0000002C 64F3                   MOV         R15,R4
    0000002E AFFC                   BRA         L313
    00000030 0009                   NOP
    00000032              L316:                             
    00000032 0000                   .DATA.W     0
    00000034 <00000000>             .DATA.L     _Bdisp_AllClr_DDVRAM
    00000038 <00000000>             .DATA.L     _locate
    0000003C <00000000>             .DATA.L     L302
    00000040 <00000000>             .DATA.L     _Print
    00000044 <00000000>             .DATA.L     L303
    00000048 <00000000>             .DATA.L     _GetKey
      libcaddi.c    38        }
      libcaddi.c    39    
      libcaddi.c    40        return 1;
      libcaddi.c    41    }
      libcaddi.c    42    
      libcaddi.c    43    
      libcaddi.c    44    
      libcaddi.c    45    
      libcaddi.c    46    //****************************************************************************
      libcaddi.c    47    //**************                                              ****************
      libcaddi.c    48    //**************                 Notice!                      ****************
      libcaddi.c    49    //**************                                              ****************
      libcaddi.c    50    //**************  Please do not change the following source.  ****************
      libcaddi.c    51    //**************                                              ****************
      libcaddi.c    52    //****************************************************************************
      libcaddi.c    53    
      libcaddi.c    54    
      libcaddi.c    55    #pragma section _BR_Size
      libcaddi.c    56    unsigned long BR_Size;
      libcaddi.c    57    #pragma section
      libcaddi.c    58    
      libcaddi.c    59    
      libcaddi.c    60    #pragma section _TOP
      libcaddi.c    61    
      libcaddi.c    62    //****************************************************************************
      libcaddi.c    63    //  InitializeSystem
      libcaddi.c    64    //
      libcaddi.c    65    //  param   :   isAppli   : 1 = Application / 0 = eActivity
      libcaddi.c    66    //              OptionNum : Option Number (only eActivity)
      libcaddi.c    67    //
      libcaddi.c    68    //  retval  :   1 = No error / 0 = Error
      libcaddi.c    69    //
      libcaddi.c    70    //****************************************************************************
      libcaddi.c    71    int InitializeSystem(int isAppli, unsigned short OptionNum)
P_T 00000000              _InitializeSystem:               ; function: InitializeSystem
                                                           ; frame size=0
      libcaddi.c    72    {
      libcaddi.c    73        return INIT_ADDIN_APPLICATION(isAppli, OptionNum);




SH SERIES C/C++ Compiler (Ver. 6.0C)                                                                 30-Jun-2017 12:39:56  PAGE    3


SCT OFFSET   CODE       C LABEL     INSTRUCTION OPERAND    COMMENT

    00000000 D301                   MOV.L       L317+2,R3  ; _INIT_ADDIN_APPLICATION
    00000002 432B                   JMP         @R3
    00000004 0009                   NOP
    00000006              L317:                             
    00000006 0000                   .DATA.W     0
    00000008 <00000000>             .DATA.L     _INIT_ADDIN_APPLICATION
      libcaddi.c    74    }
      libcaddi.c    75    
      libcaddi.c    76    #pragma section
      libcaddi.c    77    
C   00000000              L302:
    00000000 5468697320             .SDATA      "This application is"
             6170706C69   
             636174696F   
             6E206973     
    00000013 00                     .DATA.B     H'00
    00000014              L303:
    00000014 2073616D70             .SDATA      " sample Add-In."
             6C65204164   
             642D496E2E   
    00000023 00                     .DATA.B     H'00
B_B 00000000              _BR_Size:                        ; static: BR_Size
    00000000 00000004               .RES.L      1






































SH SERIES C/C++ Compiler (Ver. 6.0C)                                                                 30-Jun-2017 12:39:56  PAGE    1


******** STATISTICS INFORMATION ********


********** ERROR INFORMATION ***********

NUMBER OF ERRORS:           0
NUMBER OF WARNINGS:         0




******* SOURCE LINE INFORMATION ********

COMPILED SOURCE LINE:       77



******* SECTION SIZE INFORMATION *******

PROGRAM  SECTION (P):                               0000004C Byte(s)
PROGRAM  SECTION (P_BR_Size):                       00000000 Byte(s)
PROGRAM  SECTION (P_TOP):                           0000000C Byte(s)
CONSTANT SECTION (C):                               00000024 Byte(s)
CONSTANT SECTION (C_BR_Size):                       00000000 Byte(s)
CONSTANT SECTION (C_TOP):                           00000000 Byte(s)
DATA     SECTION (D):                               00000000 Byte(s)
DATA     SECTION (D_BR_Size):                       00000000 Byte(s)
DATA     SECTION (D_TOP):                           00000000 Byte(s)
BSS      SECTION (B):                               00000000 Byte(s)
BSS      SECTION (B_BR_Size):                       00000004 Byte(s)
BSS      SECTION (B_TOP):                           00000000 Byte(s)

 TOTAL PROGRAM SIZE: 00000080 Byte(s)



********** LABEL INFORMATION ***********

NUMBER OF EXTERNAL REFERENCE SYMBOLS:            5
NUMBER OF EXTERNAL DEFINITION SYMBOLS:           3
NUMBER OF INTERNAL/EXTERNAL SYMBOLS:            13






















*** COMMAND PARAMETER ***


  -subcommand=C:\Users\elie\AppData\Local\Temp\hmkF393.tmp 

